-------------------------------------------------------------------------------
Test set: com.sg.psyduckorderbook.dao.PsyduckOrderBookDaoFileImplTest
-------------------------------------------------------------------------------
Tests run: 14, Failures: 1, Errors: 0, Skipped: 0, Time elapsed: 0.342 sec <<< FAILURE! - in com.sg.psyduckorderbook.dao.PsyduckOrderBookDaoFileImplTest
testMatch  Time elapsed: 0.044 sec  <<< FAILURE!
org.opentest4j.AssertionFailedError: expected: <22> but was: <20>
	at com.sg.psyduckorderbook.dao.PsyduckOrderBookDaoFileImplTest.testMatch(PsyduckOrderBookDaoFileImplTest.java:68)

